{"/Users/ztlab122/Desktop/Kashif/React JS/Namaste_React/Ep13- Test cases/src/components/ContactUs.js": {"path":"/Users/ztlab122/Desktop/Kashif/React JS/Namaste_React/Ep13- Test cases/src/components/ContactUs.js","statementMap":{"0":{"start":{"line":1,"column":18},"end":{"line":12,"column":1}},"1":{"start":{"line":2,"column":2},"end":{"line":11,"column":4}}},"fnMap":{"0":{"name":"(anonymous_0)","decl":{"start":{"line":1,"column":18},"end":{"line":1,"column":19}},"loc":{"start":{"line":1,"column":24},"end":{"line":12,"column":1}},"line":1}},"branchMap":{},"s":{"0":1,"1":2},"f":{"0":2},"b":{},"_coverageSchema":"1a1c01bbd47fc00a2c39e90264f33305004495a9","hash":"c6f3b69d393dcd6320b5c7269c3cd18fa26244d7"}
,"/Users/ztlab122/Desktop/Kashif/React JS/Namaste_React/Ep13- Test cases/src/components/Header.js": {"path":"/Users/ztlab122/Desktop/Kashif/React JS/Namaste_React/Ep13- Test cases/src/components/Header.js","statementMap":{"0":{"start":{"line":7,"column":16},"end":{"line":7,"column":40}},"1":{"start":{"line":9,"column":20},"end":{"line":9,"column":62}},"2":{"start":{"line":9,"column":43},"end":{"line":9,"column":61}},"3":{"start":{"line":10,"column":2},"end":{"line":84,"column":4}}},"fnMap":{"0":{"name":"Header","decl":{"start":{"line":6,"column":9},"end":{"line":6,"column":15}},"loc":{"start":{"line":6,"column":18},"end":{"line":85,"column":1}},"line":6},"1":{"name":"(anonymous_1)","decl":{"start":{"line":9,"column":32},"end":{"line":9,"column":33}},"loc":{"start":{"line":9,"column":43},"end":{"line":9,"column":61}},"line":9}},"branchMap":{},"s":{"0":1,"1":1,"2":2,"3":1},"f":{"0":1,"1":2},"b":{},"_coverageSchema":"1a1c01bbd47fc00a2c39e90264f33305004495a9","hash":"41a6cc61e8f9bb5429c210cc2111fd88edd17c22"}
,"/Users/ztlab122/Desktop/Kashif/React JS/Namaste_React/Ep13- Test cases/src/utils/UserContext.js": {"path":"/Users/ztlab122/Desktop/Kashif/React JS/Namaste_React/Ep13- Test cases/src/utils/UserContext.js","statementMap":{"0":{"start":{"line":3,"column":21},"end":{"line":3,"column":43}}},"fnMap":{},"branchMap":{},"s":{"0":1},"f":{},"b":{},"_coverageSchema":"1a1c01bbd47fc00a2c39e90264f33305004495a9","hash":"63b07da05a102cfab36328b09e21f83310e7ed07"}
,"/Users/ztlab122/Desktop/Kashif/React JS/Namaste_React/Ep13- Test cases/src/utils/appStore.js": {"path":"/Users/ztlab122/Desktop/Kashif/React JS/Namaste_React/Ep13- Test cases/src/utils/appStore.js","statementMap":{"0":{"start":{"line":4,"column":17},"end":{"line":8,"column":2}}},"fnMap":{},"branchMap":{},"s":{"0":1},"f":{},"b":{},"_coverageSchema":"1a1c01bbd47fc00a2c39e90264f33305004495a9","hash":"44f070536d3ba75980bb901758ae9d5455437dd3"}
,"/Users/ztlab122/Desktop/Kashif/React JS/Namaste_React/Ep13- Test cases/src/utils/cartSlice.js": {"path":"/Users/ztlab122/Desktop/Kashif/React JS/Namaste_React/Ep13- Test cases/src/utils/cartSlice.js","statementMap":{"0":{"start":{"line":3,"column":18},"end":{"line":38,"column":2}},"1":{"start":{"line":10,"column":24},"end":{"line":12,"column":7}},"2":{"start":{"line":11,"column":18},"end":{"line":11,"column":57}},"3":{"start":{"line":14,"column":6},"end":{"line":18,"column":7}},"4":{"start":{"line":15,"column":8},"end":{"line":15,"column":32}},"5":{"start":{"line":17,"column":8},"end":{"line":17,"column":61}},"6":{"start":{"line":21,"column":24},"end":{"line":23,"column":8}},"7":{"start":{"line":22,"column":8},"end":{"line":22,"column":55}},"8":{"start":{"line":24,"column":6},"end":{"line":30,"column":7}},"9":{"start":{"line":25,"column":8},"end":{"line":25,"column":32}},"10":{"start":{"line":27,"column":8},"end":{"line":29,"column":10}},"11":{"start":{"line":28,"column":20},"end":{"line":28,"column":58}},"12":{"start":{"line":35,"column":6},"end":{"line":35,"column":29}},"13":{"start":{"line":40,"column":50},"end":{"line":40,"column":67}}},"fnMap":{"0":{"name":"(anonymous_0)","decl":{"start":{"line":9,"column":13},"end":{"line":9,"column":14}},"loc":{"start":{"line":9,"column":32},"end":{"line":19,"column":5}},"line":9},"1":{"name":"(anonymous_1)","decl":{"start":{"line":11,"column":8},"end":{"line":11,"column":9}},"loc":{"start":{"line":11,"column":18},"end":{"line":11,"column":57}},"line":11},"2":{"name":"(anonymous_2)","decl":{"start":{"line":20,"column":16},"end":{"line":20,"column":17}},"loc":{"start":{"line":20,"column":35},"end":{"line":31,"column":5}},"line":20},"3":{"name":"(anonymous_3)","decl":{"start":{"line":21,"column":41},"end":{"line":21,"column":42}},"loc":{"start":{"line":21,"column":51},"end":{"line":23,"column":7}},"line":21},"4":{"name":"(anonymous_4)","decl":{"start":{"line":28,"column":10},"end":{"line":28,"column":11}},"loc":{"start":{"line":28,"column":20},"end":{"line":28,"column":58}},"line":28},"5":{"name":"(anonymous_5)","decl":{"start":{"line":32,"column":15},"end":{"line":32,"column":16}},"loc":{"start":{"line":32,"column":26},"end":{"line":36,"column":5}},"line":32}},"branchMap":{"0":{"loc":{"start":{"line":14,"column":6},"end":{"line":18,"column":7}},"type":"if","locations":[{"start":{"line":14,"column":6},"end":{"line":18,"column":7}},{"start":{"line":16,"column":13},"end":{"line":18,"column":7}}],"line":14},"1":{"loc":{"start":{"line":24,"column":6},"end":{"line":30,"column":7}},"type":"if","locations":[{"start":{"line":24,"column":6},"end":{"line":30,"column":7}},{"start":{"line":26,"column":13},"end":{"line":30,"column":7}}],"line":24}},"s":{"0":1,"1":0,"2":0,"3":0,"4":0,"5":0,"6":0,"7":0,"8":0,"9":0,"10":0,"11":0,"12":0,"13":1},"f":{"0":0,"1":0,"2":0,"3":0,"4":0,"5":0},"b":{"0":[0,0],"1":[0,0]},"_coverageSchema":"1a1c01bbd47fc00a2c39e90264f33305004495a9","hash":"1d9139b140851f6a2198e394403bf8551fa81dbd"}
}
